Drill report for /Users/psmart/CAD/SFD800/SFD800.kicad_pcb
Created on Tuesday, 01 June 2021 at 15:31:19

Copper Layer Stackup:
    =============================================================
    L1 :  F.Cu                      front
    L2 :  B.Cu                      back


Drill file 'SFD800-PTH.drl' contains
    plated through holes:
    =============================================================
    T1  0.40mm  0.016"  (29 holes)
    T2  0.50mm  0.020"  (7 holes)
    T3  0.70mm  0.028"  (4 holes)
    T4  0.80mm  0.031"  (206 holes)
    T5  0.81mm  0.032"  (34 holes)
    T6  2.54mm  0.100"  (2 holes)

    Total plated holes count 282


Drill file 'SFD800-NPTH.drl' contains
    unplated through holes:
    =============================================================

    Total unplated holes count 0
